ERROR 2017-09-12 18:02:52,075 exception Internal Server Error: /segmentationapi
Traceback (most recent call last):
  File "/home/jingchao/HuMaIN/HuMaIN_Microservices/OCR/OCRopus/SegmentationService/env/local/lib/python2.7/site-packages/django/core/handlers/exception.py", line 41, in inner
    response = get_response(request)
  File "/home/jingchao/HuMaIN/HuMaIN_Microservices/OCR/OCRopus/SegmentationService/env/local/lib/python2.7/site-packages/django/core/handlers/base.py", line 187, in _get_response
    response = self.process_exception_by_middleware(e, request)
  File "/home/jingchao/HuMaIN/HuMaIN_Microservices/OCR/OCRopus/SegmentationService/env/local/lib/python2.7/site-packages/django/core/handlers/base.py", line 185, in _get_response
    response = wrapped_callback(request, *callback_args, **callback_kwargs)
  File "/home/jingchao/HuMaIN/HuMaIN_Microservices/OCR/OCRopus/SegmentationService/env/local/lib/python2.7/site-packages/django/views/decorators/csrf.py", line 58, in wrapped_view
    return view_func(*args, **kwargs)
  File "/home/jingchao/HuMaIN/HuMaIN_Microservices/OCR/OCRopus/SegmentationService/env/local/lib/python2.7/site-packages/django/views/decorators/csrf.py", line 58, in wrapped_view
    return view_func(*args, **kwargs)
  File "/home/jingchao/HuMaIN/HuMaIN_Microservices/OCR/OCRopus/SegmentationService/env/local/lib/python2.7/site-packages/django/views/generic/base.py", line 68, in view
    return self.dispatch(request, *args, **kwargs)
  File "/home/jingchao/HuMaIN/HuMaIN_Microservices/OCR/OCRopus/SegmentationService/env/local/lib/python2.7/site-packages/rest_framework/views.py", line 489, in dispatch
    response = self.handle_exception(exc)
  File "/home/jingchao/HuMaIN/HuMaIN_Microservices/OCR/OCRopus/SegmentationService/env/local/lib/python2.7/site-packages/rest_framework/views.py", line 449, in handle_exception
    self.raise_uncaught_exception(exc)
  File "/home/jingchao/HuMaIN/HuMaIN_Microservices/OCR/OCRopus/SegmentationService/env/local/lib/python2.7/site-packages/rest_framework/views.py", line 486, in dispatch
    response = handler(request, *args, **kwargs)
  File "/home/jingchao/HuMaIN/HuMaIN_Microservices/OCR/OCRopus/SegmentationService/env/local/lib/python2.7/site-packages/rest_framework/decorators.py", line 52, in handler
    return func(*args, **kwargs)
  File "/home/jingchao/HuMaIN/HuMaIN_Microservices/OCR/OCRopus/SegmentationService/api/views.py", line 70, in segmentationView
    output_list = segmentation_exec(imagepath, paras_serializer.data)
NameError: global name 'imagepath' is not defined
ERROR 2017-09-12 18:02:52,120 basehttp "GET /segmentationapi HTTP/1.1" 500 19622
INFO 2017-09-12 18:03:29,559 segmentation scale 22.583180
INFO 2017-09-12 18:03:29,559 segmentation computing segmentation
INFO 2017-09-12 18:03:29,621 segmentation computing column separators
INFO 2017-09-12 18:03:29,621 segmentation considering at most 3 whitespace column separators
INFO 2017-09-12 18:03:30,470 segmentation considering at most 0 black column separators
INFO 2017-09-12 18:03:30,921 segmentation computing lines
INFO 2017-09-12 18:03:31,823 segmentation propagating labels
INFO 2017-09-12 18:03:31,959 segmentation spreading labels
INFO 2017-09-12 18:03:32,164 segmentation number of lines 18
INFO 2017-09-12 18:03:32,164 segmentation finding reading order
INFO 2017-09-12 18:03:32,188 segmentation writing lines
ERROR 2017-09-12 18:03:32,349 views sth wrong with binarization
ERROR 2017-09-12 18:03:32,349 basehttp "GET /segmentationapi HTTP/1.1" 500 36
INFO 2017-09-12 18:12:39,043 segmentation scale 22.583180
INFO 2017-09-12 18:12:39,043 segmentation computing segmentation
INFO 2017-09-12 18:12:39,106 segmentation computing column separators
INFO 2017-09-12 18:12:39,106 segmentation considering at most 3 whitespace column separators
INFO 2017-09-12 18:12:39,970 segmentation considering at most 0 black column separators
INFO 2017-09-12 18:12:40,428 segmentation computing lines
INFO 2017-09-12 18:12:41,345 segmentation propagating labels
INFO 2017-09-12 18:12:41,479 segmentation spreading labels
INFO 2017-09-12 18:12:41,674 segmentation number of lines 18
INFO 2017-09-12 18:12:41,674 segmentation finding reading order
INFO 2017-09-12 18:12:41,699 segmentation writing lines
INFO 2017-09-12 18:12:41,869 segmentation     13  NY01075760_lg.bin.png 22.6 14
INFO 2017-09-12 18:12:41,949 views ===== Image NY01075760_lg.bin.png =====
INFO 2017-09-12 18:12:41,949 views *** Before seg: 0.09s ***
INFO 2017-09-12 18:12:41,950 views *** Seg: 2.99s ***
ERROR 2017-09-12 18:12:41,950 exception Internal Server Error: /segmentationapi
Traceback (most recent call last):
  File "/home/jingchao/HuMaIN/HuMaIN_Microservices/OCR/OCRopus/SegmentationService/env/local/lib/python2.7/site-packages/django/core/handlers/exception.py", line 41, in inner
    response = get_response(request)
  File "/home/jingchao/HuMaIN/HuMaIN_Microservices/OCR/OCRopus/SegmentationService/env/local/lib/python2.7/site-packages/django/core/handlers/base.py", line 187, in _get_response
    response = self.process_exception_by_middleware(e, request)
  File "/home/jingchao/HuMaIN/HuMaIN_Microservices/OCR/OCRopus/SegmentationService/env/local/lib/python2.7/site-packages/django/core/handlers/base.py", line 185, in _get_response
    response = wrapped_callback(request, *callback_args, **callback_kwargs)
  File "/home/jingchao/HuMaIN/HuMaIN_Microservices/OCR/OCRopus/SegmentationService/env/local/lib/python2.7/site-packages/django/views/decorators/csrf.py", line 58, in wrapped_view
    return view_func(*args, **kwargs)
  File "/home/jingchao/HuMaIN/HuMaIN_Microservices/OCR/OCRopus/SegmentationService/env/local/lib/python2.7/site-packages/django/views/decorators/csrf.py", line 58, in wrapped_view
    return view_func(*args, **kwargs)
  File "/home/jingchao/HuMaIN/HuMaIN_Microservices/OCR/OCRopus/SegmentationService/env/local/lib/python2.7/site-packages/django/views/generic/base.py", line 68, in view
    return self.dispatch(request, *args, **kwargs)
  File "/home/jingchao/HuMaIN/HuMaIN_Microservices/OCR/OCRopus/SegmentationService/env/local/lib/python2.7/site-packages/rest_framework/views.py", line 489, in dispatch
    response = self.handle_exception(exc)
  File "/home/jingchao/HuMaIN/HuMaIN_Microservices/OCR/OCRopus/SegmentationService/env/local/lib/python2.7/site-packages/rest_framework/views.py", line 449, in handle_exception
    self.raise_uncaught_exception(exc)
  File "/home/jingchao/HuMaIN/HuMaIN_Microservices/OCR/OCRopus/SegmentationService/env/local/lib/python2.7/site-packages/rest_framework/views.py", line 486, in dispatch
    response = handler(request, *args, **kwargs)
  File "/home/jingchao/HuMaIN/HuMaIN_Microservices/OCR/OCRopus/SegmentationService/env/local/lib/python2.7/site-packages/rest_framework/decorators.py", line 52, in handler
    return func(*args, **kwargs)
  File "/home/jingchao/HuMaIN/HuMaIN_Microservices/OCR/OCRopus/SegmentationService/api/views.py", line 119, in segmentationView
    logger.info("*** After seg: %.2fs ***" % (send_resp-bin_seg))
NameError: global name 'bin_seg' is not defined
ERROR 2017-09-12 18:12:41,994 basehttp "GET /segmentationapi HTTP/1.1" 500 19615
INFO 2017-09-12 18:13:31,728 segmentation scale 22.583180
INFO 2017-09-12 18:13:31,728 segmentation computing segmentation
INFO 2017-09-12 18:13:31,789 segmentation computing column separators
INFO 2017-09-12 18:13:31,789 segmentation considering at most 3 whitespace column separators
INFO 2017-09-12 18:13:32,651 segmentation considering at most 0 black column separators
INFO 2017-09-12 18:13:33,100 segmentation computing lines
INFO 2017-09-12 18:13:33,988 segmentation propagating labels
INFO 2017-09-12 18:13:34,118 segmentation spreading labels
INFO 2017-09-12 18:13:34,313 segmentation number of lines 18
INFO 2017-09-12 18:13:34,313 segmentation finding reading order
INFO 2017-09-12 18:13:34,337 segmentation writing lines
INFO 2017-09-12 18:13:34,506 segmentation     13  NY01075760_lg.bin.png 22.6 14
INFO 2017-09-12 18:13:34,605 views ===== Image NY01075760_lg.bin.png =====
INFO 2017-09-12 18:13:34,605 views *** Before seg: 0.07s ***
INFO 2017-09-12 18:13:34,606 views *** Seg: 2.94s ***
INFO 2017-09-12 18:13:34,606 views *** After seg: 0.10s ***
INFO 2017-09-12 18:13:34,606 views *** Service time: 3.11s ***
INFO 2017-09-12 18:13:34,607 basehttp "GET /segmentationapi HTTP/1.1" 200 26766
INFO 2017-09-12 18:15:45,172 segmentation scale 22.583180
INFO 2017-09-12 18:15:45,172 segmentation computing segmentation
INFO 2017-09-12 18:15:45,233 segmentation computing column separators
INFO 2017-09-12 18:15:45,233 segmentation considering at most 3 whitespace column separators
INFO 2017-09-12 18:15:46,076 segmentation considering at most 0 black column separators
INFO 2017-09-12 18:15:46,543 segmentation computing lines
INFO 2017-09-12 18:15:47,431 segmentation propagating labels
INFO 2017-09-12 18:15:47,568 segmentation spreading labels
INFO 2017-09-12 18:15:47,765 segmentation number of lines 18
INFO 2017-09-12 18:15:47,765 segmentation finding reading order
INFO 2017-09-12 18:15:47,788 segmentation writing lines
INFO 2017-09-12 18:15:47,958 segmentation     13  NY01075760_lg.bin.png 22.6 14
INFO 2017-09-12 18:15:48,047 views ===== Image NY01075760_lg.bin.png =====
INFO 2017-09-12 18:15:48,047 views *** Before seg: 0.07s ***
INFO 2017-09-12 18:15:48,047 views *** Seg: 2.95s ***
INFO 2017-09-12 18:15:48,047 views *** After seg: 0.09s ***
INFO 2017-09-12 18:15:48,047 views *** Service time: 3.11s ***
INFO 2017-09-12 18:15:48,048 basehttp "GET /segmentationapi HTTP/1.1" 200 26654
