INFO 2017-09-12 17:03:04,181 binarization # NY01075760_lg.jpg
INFO 2017-09-12 17:03:04,221 binarization flattening
INFO 2017-09-12 17:03:05,174 binarization estimating skew angle
INFO 2017-09-12 17:03:07,785 binarization estimating thresholds
INFO 2017-09-12 17:03:08,623 binarization rescaling
INFO 2017-09-12 17:03:08,642 binarization NY01075760_lg.jpg lo-hi (0.44 0.82) angle  0.0 
INFO 2017-09-12 17:03:08,642 binarization writing
INFO 2017-09-12 17:03:08,774 basehttp "GET /binarizationapi HTTP/1.1" 200 29621
INFO 2017-09-12 17:11:12,095 binarization # NY01075760_lg.jpg
INFO 2017-09-12 17:11:12,141 binarization flattening
INFO 2017-09-12 17:11:13,033 binarization estimating skew angle
INFO 2017-09-12 17:11:15,595 binarization estimating thresholds
INFO 2017-09-12 17:11:16,413 binarization rescaling
INFO 2017-09-12 17:11:16,431 binarization NY01075760_lg.jpg lo-hi (0.44 0.82) angle  0.0 
INFO 2017-09-12 17:11:16,431 binarization writing
INFO 2017-09-12 17:11:16,574 basehttp "GET /binarizationapi HTTP/1.1" 200 29621
INFO 2017-09-12 17:15:25,109 binarization # NY01075760_lg.jpg
INFO 2017-09-12 17:15:25,155 binarization flattening
INFO 2017-09-12 17:15:26,059 binarization estimating skew angle
INFO 2017-09-12 17:15:28,639 binarization estimating thresholds
INFO 2017-09-12 17:15:29,468 binarization rescaling
INFO 2017-09-12 17:15:29,488 binarization NY01075760_lg.jpg lo-hi (0.44 0.82) angle  0.0 
INFO 2017-09-12 17:15:29,488 binarization writing
INFO 2017-09-12 17:15:29,635 basehttp "GET /binarizationapi HTTP/1.1" 200 29621
INFO 2017-09-12 17:26:47,744 binarization # NY01075760_lg.jpg
INFO 2017-09-12 17:26:47,792 binarization flattening
INFO 2017-09-12 17:26:48,680 binarization estimating skew angle
INFO 2017-09-12 17:26:51,270 binarization estimating thresholds
INFO 2017-09-12 17:26:52,084 binarization rescaling
INFO 2017-09-12 17:26:52,103 binarization NY01075760_lg.jpg lo-hi (0.44 0.82) angle  0.0 
INFO 2017-09-12 17:26:52,103 binarization writing
INFO 2017-09-12 17:26:52,253 basehttp "GET /binarizationapi HTTP/1.1" 200 29621
INFO 2017-09-12 17:31:54,051 binarization # NY01075760_lg.jpg
INFO 2017-09-12 17:31:54,097 binarization flattening
INFO 2017-09-12 17:31:55,001 binarization estimating skew angle
INFO 2017-09-12 17:31:57,578 binarization estimating thresholds
INFO 2017-09-12 17:31:58,403 binarization rescaling
INFO 2017-09-12 17:31:58,422 binarization NY01075760_lg.jpg lo-hi (0.44 0.82) angle  0.0 
INFO 2017-09-12 17:31:58,423 binarization writing
INFO 2017-09-12 17:31:58,576 basehttp "GET /binarizationapi HTTP/1.1" 200 29621
INFO 2017-09-12 17:33:48,402 binarization # NY01075760_lg.jpg
INFO 2017-09-12 17:33:48,444 binarization flattening
INFO 2017-09-12 17:33:49,353 binarization estimating skew angle
INFO 2017-09-12 17:33:51,940 binarization estimating thresholds
INFO 2017-09-12 17:33:52,762 binarization rescaling
INFO 2017-09-12 17:33:52,780 binarization NY01075760_lg.jpg lo-hi (0.44 0.82) angle  0.0 
INFO 2017-09-12 17:33:52,781 binarization writing
INFO 2017-09-12 17:33:52,935 views ===== Image NY01075760_lg.jpg =====
INFO 2017-09-12 17:33:52,935 views *** Before bin: 0.0841 ***
INFO 2017-09-12 17:33:52,935 views *** Bin: 4.3957 ***
INFO 2017-09-12 17:33:52,935 views *** After bin: 0.1374 ***
INFO 2017-09-12 17:33:52,935 views *** Service time: 4.6171 ***
INFO 2017-09-12 17:33:52,936 basehttp "GET /binarizationapi HTTP/1.1" 200 29621
INFO 2017-09-12 17:35:23,488 binarization # NY01075760_lg.jpg
INFO 2017-09-12 17:35:23,534 binarization flattening
INFO 2017-09-12 17:35:24,427 binarization estimating skew angle
INFO 2017-09-12 17:35:27,003 binarization estimating thresholds
INFO 2017-09-12 17:35:27,834 binarization rescaling
INFO 2017-09-12 17:35:27,852 binarization NY01075760_lg.jpg lo-hi (0.44 0.82) angle  0.0 
INFO 2017-09-12 17:35:27,852 binarization writing
INFO 2017-09-12 17:35:27,992 views ===== Image NY01075760_lg.jpg =====
INFO 2017-09-12 17:35:27,992 views *** Before bin: 0.0743s ***
INFO 2017-09-12 17:35:27,992 views *** Bin: 4.3799s ***
INFO 2017-09-12 17:35:27,992 views *** After bin: 0.1243s ***
INFO 2017-09-12 17:35:27,993 views *** Service time: 4.5785s ***
INFO 2017-09-12 17:35:27,994 basehttp "GET /binarizationapi HTTP/1.1" 200 29621
